  Game.cpp
C:\Users\Ryhan Khan\Downloads\GitHub\GameEngine\VSDLProject\SDLProject\SDLProject\Scripts\Game.cpp(93,77): warning C4244: 'argument': conversion from 'double' to 'int', possible loss of data
C:\Users\Ryhan Khan\Downloads\GitHub\GameEngine\VSDLProject\SDLProject\SDLProject\Scripts\Game.cpp(93,68): warning C4244: 'argument': conversion from 'double' to 'int', possible loss of data
C:\Users\Ryhan Khan\Downloads\GitHub\GameEngine\VSDLProject\SDLProject\SDLProject\Scripts\Game.cpp(152,72): warning C4244: 'argument': conversion from 'float' to 'Uint8', possible loss of data
C:\Users\Ryhan Khan\Downloads\GitHub\GameEngine\VSDLProject\SDLProject\SDLProject\Scripts\Game.cpp(195,17): warning C4305: '+=': truncation from 'double' to 'float'
  GameManager.cpp
C:\Users\Ryhan Khan\Downloads\GitHub\GameEngine\VSDLProject\SDLProject\SDLProject\Scripts\GameManager.cpp(20,23): warning C4244: '+=': conversion from 'double' to 'int', possible loss of data
  Image.cpp
C:\Users\Ryhan Khan\Downloads\GitHub\GameEngine\VSDLProject\SDLProject\SDLProject\Scripts\Image.cpp(17,13): warning C4244: '=': conversion from 'double' to 'float', possible loss of data
C:\Users\Ryhan Khan\Downloads\GitHub\GameEngine\VSDLProject\SDLProject\SDLProject\Scripts\Image.cpp(18,13): warning C4244: '=': conversion from 'int' to 'float', possible loss of data
C:\Users\Ryhan Khan\Downloads\GitHub\GameEngine\VSDLProject\SDLProject\SDLProject\Scripts\Image.cpp(20,11): warning C4244: '=': conversion from 'float' to 'int', possible loss of data
C:\Users\Ryhan Khan\Downloads\GitHub\GameEngine\VSDLProject\SDLProject\SDLProject\Scripts\Image.cpp(21,11): warning C4244: '=': conversion from 'float' to 'int', possible loss of data
C:\Users\Ryhan Khan\Downloads\GitHub\GameEngine\VSDLProject\SDLProject\SDLProject\Scripts\Image.cpp(42,12): warning C4244: '+=': conversion from 'float' to 'int', possible loss of data
C:\Users\Ryhan Khan\Downloads\GitHub\GameEngine\VSDLProject\SDLProject\SDLProject\Scripts\Image.cpp(47,12): warning C4244: '+=': conversion from 'float' to 'int', possible loss of data
C:\Users\Ryhan Khan\Downloads\GitHub\GameEngine\VSDLProject\SDLProject\SDLProject\Scripts\Image.cpp(52,11): warning C4244: '=': conversion from 'float' to 'int', possible loss of data
C:\Users\Ryhan Khan\Downloads\GitHub\GameEngine\VSDLProject\SDLProject\SDLProject\Scripts\Image.cpp(57,11): warning C4244: '=': conversion from 'float' to 'int', possible loss of data
C:\Users\Ryhan Khan\Downloads\GitHub\GameEngine\VSDLProject\SDLProject\SDLProject\Scripts\Image.cpp(62,12): warning C4244: '+=': conversion from 'float' to 'int', possible loss of data
C:\Users\Ryhan Khan\Downloads\GitHub\GameEngine\VSDLProject\SDLProject\SDLProject\Scripts\Image.cpp(63,12): warning C4244: '+=': conversion from 'float' to 'int', possible loss of data
  Source.cpp
  Text.cpp
C:\Users\Ryhan Khan\Downloads\GitHub\GameEngine\VSDLProject\SDLProject\SDLProject\Scripts\Text.cpp(45,12): warning C4244: '+=': conversion from 'float' to 'int', possible loss of data
C:\Users\Ryhan Khan\Downloads\GitHub\GameEngine\VSDLProject\SDLProject\SDLProject\Scripts\Text.cpp(50,12): warning C4244: '+=': conversion from 'float' to 'int', possible loss of data
C:\Users\Ryhan Khan\Downloads\GitHub\GameEngine\VSDLProject\SDLProject\SDLProject\Scripts\Text.cpp(55,11): warning C4244: '=': conversion from 'float' to 'int', possible loss of data
C:\Users\Ryhan Khan\Downloads\GitHub\GameEngine\VSDLProject\SDLProject\SDLProject\Scripts\Text.cpp(60,11): warning C4244: '=': conversion from 'float' to 'int', possible loss of data
  Generating code
  0 of 144 functions ( 0.0%) were compiled, the rest were copied from previous compilation.
    0 functions were new in current compilation
    0 functions had inline decision re-evaluated but remain unchanged
  Finished generating code
  SDLProject.vcxproj -> C:\Users\Ryhan Khan\Downloads\GitHub\GameEngine\VSDLProject\SDLProject\x64\Release\SDLProject.exe
