  Game.cpp
C:\Users\Ryhan Khan\Downloads\GitHub\GameEngine\VSDLProject\SDLProject\SDLProject\Scripts\Game.cpp(96,77): warning C4244: 'argument': conversion from 'double' to 'int', possible loss of data
C:\Users\Ryhan Khan\Downloads\GitHub\GameEngine\VSDLProject\SDLProject\SDLProject\Scripts\Game.cpp(96,68): warning C4244: 'argument': conversion from 'double' to 'int', possible loss of data
C:\Users\Ryhan Khan\Downloads\GitHub\GameEngine\VSDLProject\SDLProject\SDLProject\Scripts\Game.cpp(156,72): warning C4244: 'argument': conversion from 'float' to 'Uint8', possible loss of data
C:\Users\Ryhan Khan\Downloads\GitHub\GameEngine\VSDLProject\SDLProject\SDLProject\Scripts\Game.cpp(199,17): warning C4305: '+=': truncation from 'double' to 'float'
  GameManager.cpp
C:\Users\Ryhan Khan\Downloads\GitHub\GameEngine\VSDLProject\SDLProject\SDLProject\Scripts\GameManager.cpp(20,23): warning C4244: '+=': conversion from 'double' to 'int', possible loss of data
  Image.cpp
C:\Users\Ryhan Khan\Downloads\GitHub\GameEngine\VSDLProject\SDLProject\SDLProject\Scripts\Image.cpp(17,13): warning C4244: '=': conversion from 'double' to 'float', possible loss of data
C:\Users\Ryhan Khan\Downloads\GitHub\GameEngine\VSDLProject\SDLProject\SDLProject\Scripts\Image.cpp(18,13): warning C4244: '=': conversion from 'int' to 'float', possible loss of data
C:\Users\Ryhan Khan\Downloads\GitHub\GameEngine\VSDLProject\SDLProject\SDLProject\Scripts\Image.cpp(20,11): warning C4244: '=': conversion from 'float' to 'int', possible loss of data
C:\Users\Ryhan Khan\Downloads\GitHub\GameEngine\VSDLProject\SDLProject\SDLProject\Scripts\Image.cpp(21,11): warning C4244: '=': conversion from 'float' to 'int', possible loss of data
C:\Users\Ryhan Khan\Downloads\GitHub\GameEngine\VSDLProject\SDLProject\SDLProject\Scripts\Image.cpp(42,12): warning C4244: '+=': conversion from 'float' to 'int', possible loss of data
C:\Users\Ryhan Khan\Downloads\GitHub\GameEngine\VSDLProject\SDLProject\SDLProject\Scripts\Image.cpp(47,12): warning C4244: '+=': conversion from 'float' to 'int', possible loss of data
C:\Users\Ryhan Khan\Downloads\GitHub\GameEngine\VSDLProject\SDLProject\SDLProject\Scripts\Image.cpp(52,11): warning C4244: '=': conversion from 'float' to 'int', possible loss of data
C:\Users\Ryhan Khan\Downloads\GitHub\GameEngine\VSDLProject\SDLProject\SDLProject\Scripts\Image.cpp(57,11): warning C4244: '=': conversion from 'float' to 'int', possible loss of data
C:\Users\Ryhan Khan\Downloads\GitHub\GameEngine\VSDLProject\SDLProject\SDLProject\Scripts\Image.cpp(62,12): warning C4244: '+=': conversion from 'float' to 'int', possible loss of data
C:\Users\Ryhan Khan\Downloads\GitHub\GameEngine\VSDLProject\SDLProject\SDLProject\Scripts\Image.cpp(63,12): warning C4244: '+=': conversion from 'float' to 'int', possible loss of data
  Source.cpp
  Text.cpp
C:\Users\Ryhan Khan\Downloads\GitHub\GameEngine\VSDLProject\SDLProject\SDLProject\Scripts\Text.cpp(45,12): warning C4244: '+=': conversion from 'float' to 'int', possible loss of data
C:\Users\Ryhan Khan\Downloads\GitHub\GameEngine\VSDLProject\SDLProject\SDLProject\Scripts\Text.cpp(50,12): warning C4244: '+=': conversion from 'float' to 'int', possible loss of data
C:\Users\Ryhan Khan\Downloads\GitHub\GameEngine\VSDLProject\SDLProject\SDLProject\Scripts\Text.cpp(55,11): warning C4244: '=': conversion from 'float' to 'int', possible loss of data
C:\Users\Ryhan Khan\Downloads\GitHub\GameEngine\VSDLProject\SDLProject\SDLProject\Scripts\Text.cpp(60,11): warning C4244: '=': conversion from 'float' to 'int', possible loss of data
Game.obj : error LNK2001: unresolved external symbol _Mix_FreeMusic
Game.obj : error LNK2001: unresolved external symbol _SDL_DestroyTexture
Game.obj : error LNK2001: unresolved external symbol _Mix_VolumeMusic
Game.obj : error LNK2001: unresolved external symbol _SDL_RenderClear
Game.obj : error LNK2001: unresolved external symbol _Mix_OpenAudio
Game.obj : error LNK2001: unresolved external symbol _SDL_DestroyRenderer
Game.obj : error LNK2001: unresolved external symbol _SDL_Init
Game.obj : error LNK2001: unresolved external symbol _SDL_DestroyWindow
Game.obj : error LNK2001: unresolved external symbol _SDL_Delay
Game.obj : error LNK2001: unresolved external symbol _Mix_LoadWAV
Game.obj : error LNK2001: unresolved external symbol _TTF_Init
Game.obj : error LNK2001: unresolved external symbol _SDL_GetMouseState
Game.obj : error LNK2001: unresolved external symbol _SDL_SetWindowIcon
Game.obj : error LNK2001: unresolved external symbol _TTF_CloseFont
Game.obj : error LNK2001: unresolved external symbol _Mix_PlayChannel
Game.obj : error LNK2001: unresolved external symbol _SDL_PollEvent
Game.obj : error LNK2001: unresolved external symbol _SDL_FreeSurface
Game.obj : error LNK2001: unresolved external symbol _IMG_Load
Game.obj : error LNK2001: unresolved external symbol _SDL_CreateRenderer
Game.obj : error LNK2001: unresolved external symbol _SDL_RenderPresent
Game.obj : error LNK2001: unresolved external symbol _SDL_CreateWindow
Game.obj : error LNK2001: unresolved external symbol _Mix_PlayingMusic
Game.obj : error LNK2001: unresolved external symbol _Mix_FreeChunk
Game.obj : error LNK2001: unresolved external symbol _Mix_LoadMUS
Game.obj : error LNK2001: unresolved external symbol _SDL_SetRenderDrawColor
Game.obj : error LNK2001: unresolved external symbol _SDL_SetTextureAlphaMod
Game.obj : error LNK2001: unresolved external symbol _Mix_PlayMusic
Image.obj : error LNK2001: unresolved external symbol _SDL_RenderCopy
Image.obj : error LNK2001: unresolved external symbol _SDL_QueryTexture
Image.obj : error LNK2001: unresolved external symbol _IMG_LoadTexture
Text.obj : error LNK2001: unresolved external symbol _TTF_RenderText_Solid
Text.obj : error LNK2001: unresolved external symbol _TTF_OpenFont
Text.obj : error LNK2001: unresolved external symbol _SDL_CreateTextureFromSurface
C:\Users\Ryhan Khan\Downloads\GitHub\GameEngine\VSDLProject\SDLProject\Release\SDLProject.exe : fatal error LNK1120: 33 unresolved externals
